<?xml version="1.0" encoding="UTF-8"?>
<!-- Generated by org.testng.reporters.JUnitReportReporter -->
<testsuite skipped="0" hostname="DESKTOP-6J3JH59" name="programs.Reversestring" tests="1" failures="0" timestamp="2022-10-04T18:51:19 IST" time="0.013" errors="0">
  <testcase name="reverse" time="0.013" classname="programs.Reversestring"/>
  <system-out/>
</testsuite> <!-- programs.Reversestring -->
